2020-07-27 20:53:20 1675  [main] INFO  c.landmark.app.LandMarkApplication - Starting LandMarkApplication on DESKTOP-BPR3AR7 with PID 19648 (C:\Users\96boh\Desktop\land-mark\landmark-api\target\classes started by bohyun in C:\Users\96boh\Desktop\land-mark\landmark-api) 
2020-07-27 20:53:20 1685  [main] INFO  c.landmark.app.LandMarkApplication - No active profile set, falling back to default profiles: default 
2020-07-27 20:53:22 3938  [main] INFO  o.s.d.r.c.RepositoryConfigurationDelegate - Multiple Spring Data modules found, entering strict repository configuration mode! 
2020-07-27 20:53:22 3939  [main] INFO  o.s.d.r.c.RepositoryConfigurationDelegate - Bootstrapping Spring Data JPA repositories in DEFAULT mode. 
2020-07-27 20:53:22 4351  [main] INFO  o.s.d.r.c.RepositoryConfigurationDelegate - Finished Spring Data repository scanning in 389ms. Found 13 JPA repository interfaces. 
2020-07-27 20:53:22 4392  [main] INFO  o.s.d.r.c.RepositoryConfigurationDelegate - Multiple Spring Data modules found, entering strict repository configuration mode! 
2020-07-27 20:53:22 4393  [main] INFO  o.s.d.r.c.RepositoryConfigurationDelegate - Bootstrapping Spring Data Redis repositories in DEFAULT mode. 
2020-07-27 20:53:23 4508  [main] INFO  o.s.d.r.c.RepositoryConfigurationExtensionSupport - Spring Data Redis - Could not safely identify store assignment for repository candidate interface com.landmark.app.model.repository.AreaCodeRepository. If you want this repository to be a Redis repository, consider annotating your entities with one of these annotations: org.springframework.data.redis.core.RedisHash (preferred), or consider extending one of the following types with your repository: org.springframework.data.keyvalue.repository.KeyValueRepository. 
2020-07-27 20:53:23 4510  [main] INFO  o.s.d.r.c.RepositoryConfigurationExtensionSupport - Spring Data Redis - Could not safely identify store assignment for repository candidate interface com.landmark.app.model.repository.Cat1Repository. If you want this repository to be a Redis repository, consider annotating your entities with one of these annotations: org.springframework.data.redis.core.RedisHash (preferred), or consider extending one of the following types with your repository: org.springframework.data.keyvalue.repository.KeyValueRepository. 
2020-07-27 20:53:23 4511  [main] INFO  o.s.d.r.c.RepositoryConfigurationExtensionSupport - Spring Data Redis - Could not safely identify store assignment for repository candidate interface com.landmark.app.model.repository.Cat2Repository. If you want this repository to be a Redis repository, consider annotating your entities with one of these annotations: org.springframework.data.redis.core.RedisHash (preferred), or consider extending one of the following types with your repository: org.springframework.data.keyvalue.repository.KeyValueRepository. 
2020-07-27 20:53:23 4513  [main] INFO  o.s.d.r.c.RepositoryConfigurationExtensionSupport - Spring Data Redis - Could not safely identify store assignment for repository candidate interface com.landmark.app.model.repository.Cat3Repository. If you want this repository to be a Redis repository, consider annotating your entities with one of these annotations: org.springframework.data.redis.core.RedisHash (preferred), or consider extending one of the following types with your repository: org.springframework.data.keyvalue.repository.KeyValueRepository. 
2020-07-27 20:53:23 4514  [main] INFO  o.s.d.r.c.RepositoryConfigurationExtensionSupport - Spring Data Redis - Could not safely identify store assignment for repository candidate interface com.landmark.app.model.repository.ContentTypeRepository. If you want this repository to be a Redis repository, consider annotating your entities with one of these annotations: org.springframework.data.redis.core.RedisHash (preferred), or consider extending one of the following types with your repository: org.springframework.data.keyvalue.repository.KeyValueRepository. 
2020-07-27 20:53:23 4519  [main] INFO  o.s.d.r.c.RepositoryConfigurationExtensionSupport - Spring Data Redis - Could not safely identify store assignment for repository candidate interface com.landmark.app.model.repository.SigunguCodeRepository. If you want this repository to be a Redis repository, consider annotating your entities with one of these annotations: org.springframework.data.redis.core.RedisHash (preferred), or consider extending one of the following types with your repository: org.springframework.data.keyvalue.repository.KeyValueRepository. 
2020-07-27 20:53:23 4522  [main] INFO  o.s.d.r.c.RepositoryConfigurationExtensionSupport - Spring Data Redis - Could not safely identify store assignment for repository candidate interface com.landmark.app.model.repository.TourInfoRepository. If you want this repository to be a Redis repository, consider annotating your entities with one of these annotations: org.springframework.data.redis.core.RedisHash (preferred), or consider extending one of the following types with your repository: org.springframework.data.keyvalue.repository.KeyValueRepository. 
2020-07-27 20:53:23 4524  [main] INFO  o.s.d.r.c.RepositoryConfigurationExtensionSupport - Spring Data Redis - Could not safely identify store assignment for repository candidate interface com.landmark.app.model.repository.TourReviewRepository. If you want this repository to be a Redis repository, consider annotating your entities with one of these annotations: org.springframework.data.redis.core.RedisHash (preferred), or consider extending one of the following types with your repository: org.springframework.data.keyvalue.repository.KeyValueRepository. 
2020-07-27 20:53:23 4525  [main] INFO  o.s.d.r.c.RepositoryConfigurationExtensionSupport - Spring Data Redis - Could not safely identify store assignment for repository candidate interface com.landmark.app.model.repository.UserRepository. If you want this repository to be a Redis repository, consider annotating your entities with one of these annotations: org.springframework.data.redis.core.RedisHash (preferred), or consider extending one of the following types with your repository: org.springframework.data.keyvalue.repository.KeyValueRepository. 
2020-07-27 20:53:23 4526  [main] INFO  o.s.d.r.c.RepositoryConfigurationExtensionSupport - Spring Data Redis - Could not safely identify store assignment for repository candidate interface com.landmark.app.model.repository.support.FaqRepository. If you want this repository to be a Redis repository, consider annotating your entities with one of these annotations: org.springframework.data.redis.core.RedisHash (preferred), or consider extending one of the following types with your repository: org.springframework.data.keyvalue.repository.KeyValueRepository. 
2020-07-27 20:53:23 4528  [main] INFO  o.s.d.r.c.RepositoryConfigurationExtensionSupport - Spring Data Redis - Could not safely identify store assignment for repository candidate interface com.landmark.app.model.repository.support.NoticeRepository. If you want this repository to be a Redis repository, consider annotating your entities with one of these annotations: org.springframework.data.redis.core.RedisHash (preferred), or consider extending one of the following types with your repository: org.springframework.data.keyvalue.repository.KeyValueRepository. 
2020-07-27 20:53:23 4529  [main] INFO  o.s.d.r.c.RepositoryConfigurationExtensionSupport - Spring Data Redis - Could not safely identify store assignment for repository candidate interface com.landmark.app.model.repository.support.QnaCommentRepository. If you want this repository to be a Redis repository, consider annotating your entities with one of these annotations: org.springframework.data.redis.core.RedisHash (preferred), or consider extending one of the following types with your repository: org.springframework.data.keyvalue.repository.KeyValueRepository. 
2020-07-27 20:53:23 4530  [main] INFO  o.s.d.r.c.RepositoryConfigurationExtensionSupport - Spring Data Redis - Could not safely identify store assignment for repository candidate interface com.landmark.app.model.repository.support.QnaRepository. If you want this repository to be a Redis repository, consider annotating your entities with one of these annotations: org.springframework.data.redis.core.RedisHash (preferred), or consider extending one of the following types with your repository: org.springframework.data.keyvalue.repository.KeyValueRepository. 
2020-07-27 20:53:23 4530  [main] INFO  o.s.d.r.c.RepositoryConfigurationDelegate - Finished Spring Data repository scanning in 112ms. Found 0 Redis repository interfaces. 
2020-07-27 20:53:23 5121  [main] INFO  o.s.c.s.PostProcessorRegistrationDelegate$BeanPostProcessorChecker - Bean 'org.springframework.transaction.annotation.ProxyTransactionManagementConfiguration' of type [org.springframework.transaction.annotation.ProxyTransactionManagementConfiguration] is not eligible for getting processed by all BeanPostProcessors (for example: not eligible for auto-proxying) 
2020-07-27 20:53:24 5912  [main] INFO  o.s.b.w.e.tomcat.TomcatWebServer - Tomcat initialized with port(s): 8080 (http) 
2020-07-27 20:53:24 5932  [main] INFO  o.a.coyote.http11.Http11NioProtocol - Initializing ProtocolHandler ["http-nio-8080"] 
2020-07-27 20:53:24 5932  [main] INFO  o.a.catalina.core.StandardService - Starting service [Tomcat] 
2020-07-27 20:53:24 5932  [main] INFO  o.a.catalina.core.StandardEngine - Starting Servlet engine: [Apache Tomcat/9.0.29] 
2020-07-27 20:53:24 6241  [main] INFO  o.a.c.c.C.[Tomcat].[localhost].[/] - Initializing Spring embedded WebApplicationContext 
2020-07-27 20:53:24 6246  [main] INFO  o.s.web.context.ContextLoader - Root WebApplicationContext: initialization completed in 4379 ms 
2020-07-27 20:53:25 6541  [main] INFO  com.zaxxer.hikari.HikariDataSource - HikariPool-1 - Starting... 
2020-07-27 20:53:25 6766  [main] INFO  com.zaxxer.hikari.HikariDataSource - HikariPool-1 - Start completed. 
2020-07-27 20:53:25 6943  [main] INFO  o.h.jpa.internal.util.LogHelper - HHH000204: Processing PersistenceUnitInfo [name: default] 
2020-07-27 20:53:25 7150  [main] INFO  org.hibernate.Version - HHH000412: Hibernate Core {5.4.9.Final} 
2020-07-27 20:53:25 7497  [main] INFO  o.h.annotations.common.Version - HCANN000001: Hibernate Commons Annotations {5.1.0.Final} 
2020-07-27 20:53:26 7770  [main] INFO  org.hibernate.dialect.Dialect - HHH000400: Using dialect: org.hibernate.dialect.MariaDB102Dialect 
2020-07-27 20:53:26 8423  [main] WARN  org.hibernate.mapping.RootClass - HHH000038: Composite-id class does not override equals(): com.landmark.app.model.domain.SigunguCodePK 
2020-07-27 20:53:26 8424  [main] WARN  org.hibernate.mapping.RootClass - HHH000039: Composite-id class does not override hashCode(): com.landmark.app.model.domain.SigunguCodePK 
2020-07-27 20:53:28 9801  [main] INFO  o.h.e.t.j.p.i.JtaPlatformInitiator - HHH000490: Using JtaPlatform implementation: [org.hibernate.engine.transaction.jta.platform.internal.NoJtaPlatform] 
2020-07-27 20:53:28 9822  [main] INFO  o.s.o.j.LocalContainerEntityManagerFactoryBean - Initialized JPA EntityManagerFactory for persistence unit 'default' 
2020-07-27 20:53:29 10914 [main] WARN  o.s.b.a.o.j.JpaBaseConfiguration$JpaWebConfiguration - spring.jpa.open-in-view is enabled by default. Therefore, database queries may be performed during view rendering. Explicitly configure spring.jpa.open-in-view to disable this warning 
2020-07-27 20:53:30 12015 [main] INFO  o.s.s.w.DefaultSecurityFilterChain - Creating filter chain: any request, [org.springframework.security.web.context.request.async.WebAsyncManagerIntegrationFilter@2d459bda, org.springframework.security.web.context.SecurityContextPersistenceFilter@350342e0, org.springframework.security.web.header.HeaderWriterFilter@8ef1d58, org.springframework.security.web.authentication.logout.LogoutFilter@54d60fa1, org.springframework.web.filter.CorsFilter@7ce30c0b, com.landmark.app.security.filter.StatelessLoginFilter@6ceb11f9, com.landmark.app.security.filter.StatelessAuthenticationFilter@4d664323, org.springframework.security.web.savedrequest.RequestCacheAwareFilter@1dd44289, org.springframework.security.web.servletapi.SecurityContextHolderAwareRequestFilter@900649e, org.springframework.security.web.authentication.AnonymousAuthenticationFilter@27ec0d06, org.springframework.security.web.session.SessionManagementFilter@56f2c9e8, org.springframework.security.web.access.ExceptionTranslationFilter@58f50dd0, org.springframework.security.web.access.intercept.FilterSecurityInterceptor@5a583720] 
2020-07-27 20:53:31 12547 [main] INFO  o.s.s.c.ThreadPoolTaskExecutor - Initializing ExecutorService 'applicationTaskExecutor' 
2020-07-27 20:53:31 13169 [main] INFO  o.s.s.c.ThreadPoolTaskScheduler - Initializing ExecutorService 'taskScheduler' 
2020-07-27 20:53:31 13257 [main] INFO  o.a.coyote.http11.Http11NioProtocol - Starting ProtocolHandler ["http-nio-8080"] 
2020-07-27 20:53:31 13314 [main] INFO  o.s.b.w.e.tomcat.TomcatWebServer - Tomcat started on port(s): 8080 (http) with context path '' 
2020-07-27 20:53:31 13319 [main] INFO  c.landmark.app.LandMarkApplication - Started LandMarkApplication in 12.457 seconds (JVM running for 17.268) 
2020-07-27 20:53:31 13476 [main] INFO  c.l.app.service.RefreshService - AreaCode count = 17 
2020-07-27 20:53:32 13537 [main] INFO  c.l.app.service.RefreshService - SigunguCode count = 234 
2020-07-27 20:53:32 13564 [main] INFO  c.l.app.service.RefreshService - ContentTypeId count = 7 
2020-07-27 20:53:32 13586 [main] INFO  c.l.app.service.RefreshService - Cat1 count = 7 
2020-07-27 20:53:32 13612 [main] INFO  c.l.app.service.RefreshService - Cat2 count = 24 
2020-07-27 20:53:32 13649 [main] INFO  c.l.app.service.RefreshService - Cat3 count = 174 
2020-07-27 20:53:32 13649 [main] INFO  c.l.app.service.RefreshService - == refresh == 
2020-07-27 20:54:33 74595 [http-nio-8080-exec-1] INFO  o.a.c.c.C.[Tomcat].[localhost].[/] - Initializing Spring DispatcherServlet 'dispatcherServlet' 
2020-07-27 20:54:33 74597 [http-nio-8080-exec-1] INFO  o.s.web.servlet.DispatcherServlet - Initializing Servlet 'dispatcherServlet' 
2020-07-27 20:54:33 74609 [http-nio-8080-exec-1] INFO  o.s.web.servlet.DispatcherServlet - Completed initialization in 12 ms 
2020-07-27 20:54:33 74778 [http-nio-8080-exec-1] INFO  c.l.a.s.filter.StatelessLoginFilter - Login : yw 
